app/build/intermediates/manifest_merge_blame_file/debug/processDebugMainManifest/manifest-merger-blame-debug-report.txt
1<?xml version="1.0" encoding="utf-8"?>
2<manifest xmlns:android="http://schemas.android.com/apk/res/android"
3    package="com.czt.bbt"
4    android:versionCode="1"
5    android:versionName="0.2.1_01" >
6
7    <uses-sdk
8        android:minSdkVersion="26"
9        android:targetSdkVersion="34" />
10
11    <uses-permission android:name="android.permission.INTERNET" />
11-->src\main\AndroidManifest.xml:4:5-67
11-->src\main\AndroidManifest.xml:4:22-64
12    <uses-permission android:name="android.permission.ACCESS_FINE_LOCATION" />
12-->src\main\AndroidManifest.xml:5:5-79
12-->src\main\AndroidManifest.xml:5:22-76
13    <uses-permission android:name="android.permission.ACCESS_COARSE_LOCATION" />
13-->src\main\AndroidManifest.xml:6:5-81
13-->src\main\AndroidManifest.xml:6:22-78
14    <uses-permission android:name="android.permission.ACCESS_BACKGROUND_LOCATION" />
14-->src\main\AndroidManifest.xml:7:5-85
14-->src\main\AndroidManifest.xml:7:22-82
15    <uses-permission android:name="android.permission.FOREGROUND_SERVICE" />
15-->src\main\AndroidManifest.xml:8:5-77
15-->src\main\AndroidManifest.xml:8:22-74
16    <uses-permission android:name="android.permission.FOREGROUND_SERVICE_LOCATION" />
16-->src\main\AndroidManifest.xml:9:5-86
16-->src\main\AndroidManifest.xml:9:22-83
17    <uses-permission android:name="android.permission.WAKE_LOCK" />
17-->src\main\AndroidManifest.xml:10:5-68
17-->src\main\AndroidManifest.xml:10:22-65
18    <uses-permission android:name="android.permission.ACTIVITY_RECOGNITION" />
18-->src\main\AndroidManifest.xml:11:5-79
18-->src\main\AndroidManifest.xml:11:22-76
19    <uses-permission android:name="android.permission.POST_NOTIFICATIONS" />
19-->src\main\AndroidManifest.xml:12:5-77
19-->src\main\AndroidManifest.xml:12:22-74
20    <uses-permission android:name="android.permission.VIBRATE" />
20-->src\main\AndroidManifest.xml:13:5-66
20-->src\main\AndroidManifest.xml:13:22-63
21
22    <queries>
22-->[com.kakao.sdk:v2-common:2.19.0] AndroidManifest.xml:9:5-22:15
23        <package android:name="com.kakao.talk" />
23-->[com.kakao.sdk:v2-common:2.19.0] AndroidManifest.xml:10:9-50
23-->[com.kakao.sdk:v2-common:2.19.0] AndroidManifest.xml:10:18-47
24        <package android:name="com.kakao.talk.alpha" />
24-->[com.kakao.sdk:v2-common:2.19.0] AndroidManifest.xml:11:9-56
24-->[com.kakao.sdk:v2-common:2.19.0] AndroidManifest.xml:11:18-53
25        <package android:name="com.kakao.talk.sandbox" />
25-->[com.kakao.sdk:v2-common:2.19.0] AndroidManifest.xml:12:9-58
25-->[com.kakao.sdk:v2-common:2.19.0] AndroidManifest.xml:12:18-55
26        <package android:name="com.kakao.onetalk" />
26-->[com.kakao.sdk:v2-common:2.19.0] AndroidManifest.xml:13:9-53
26-->[com.kakao.sdk:v2-common:2.19.0] AndroidManifest.xml:13:18-50
27
28        <intent>
28-->[com.kakao.sdk:v2-common:2.19.0] AndroidManifest.xml:15:9-21:18
29            <action android:name="android.intent.action.VIEW" />
29-->[com.kakao.sdk:v2-common:2.19.0] AndroidManifest.xml:16:13-65
29-->[com.kakao.sdk:v2-common:2.19.0] AndroidManifest.xml:16:21-62
30
31            <category android:name="android.intent.category.BROWSABLE" />
31-->[com.kakao.sdk:v2-common:2.19.0] AndroidManifest.xml:18:13-74
31-->[com.kakao.sdk:v2-common:2.19.0] AndroidManifest.xml:18:23-71
32
33            <data android:scheme="https" />
33-->[com.kakao.sdk:v2-common:2.19.0] AndroidManifest.xml:20:13-44
33-->[com.kakao.sdk:v2-common:2.19.0] AndroidManifest.xml:20:19-41
34        </intent>
35    </queries>
36
37    <permission
37-->[androidx.core:core:1.12.0] AndroidManifest.xml:22:5-24:47
38        android:name="com.czt.bbt.DYNAMIC_RECEIVER_NOT_EXPORTED_PERMISSION"
38-->[androidx.core:core:1.12.0] AndroidManifest.xml:23:9-81
39        android:protectionLevel="signature" />
39-->[androidx.core:core:1.12.0] AndroidManifest.xml:24:9-44
40
41    <uses-permission android:name="com.czt.bbt.DYNAMIC_RECEIVER_NOT_EXPORTED_PERMISSION" />
41-->[androidx.core:core:1.12.0] AndroidManifest.xml:26:5-97
41-->[androidx.core:core:1.12.0] AndroidManifest.xml:26:22-94
42
43    <application
43-->src\main\AndroidManifest.xml:15:5-78:19
44        android:name="com.czt.bbt.BusApp"
44-->src\main\AndroidManifest.xml:16:9-31
45        android:allowBackup="true"
45-->src\main\AndroidManifest.xml:17:9-35
46        android:appComponentFactory="androidx.core.app.CoreComponentFactory"
46-->[androidx.core:core:1.12.0] AndroidManifest.xml:28:18-86
47        android:debuggable="true"
48        android:extractNativeLibs="false"
49        android:icon="@mipmap/ic_launcher"
49-->src\main\AndroidManifest.xml:18:9-43
50        android:label="@string/app_name"
50-->src\main\AndroidManifest.xml:19:9-41
51        android:roundIcon="@mipmap/ic_launcher_round"
51-->src\main\AndroidManifest.xml:20:9-54
52        android:supportsRtl="true"
52-->src\main\AndroidManifest.xml:21:9-35
53        android:theme="@style/Theme.BusApp"
53-->src\main\AndroidManifest.xml:22:9-44
54        android:usesCleartextTraffic="true" >
54-->src\main\AndroidManifest.xml:23:9-44
55        <activity
55-->src\main\AndroidManifest.xml:25:9-33:20
56            android:name="com.czt.bbt.MainActivity"
56-->src\main\AndroidManifest.xml:26:13-41
57            android:exported="true"
57-->src\main\AndroidManifest.xml:27:13-36
58            android:theme="@style/Theme.BusApp" >
58-->src\main\AndroidManifest.xml:28:13-48
59            <intent-filter>
59-->src\main\AndroidManifest.xml:29:13-32:29
60                <action android:name="android.intent.action.MAIN" />
60-->src\main\AndroidManifest.xml:30:17-69
60-->src\main\AndroidManifest.xml:30:25-66
61
62                <category android:name="android.intent.category.LAUNCHER" />
62-->src\main\AndroidManifest.xml:31:17-77
62-->src\main\AndroidManifest.xml:31:27-74
63            </intent-filter>
64        </activity>
65
66        <!-- 위젯 설정 화면 -->
67        <activity
67-->src\main\AndroidManifest.xml:36:9-41:20
68            android:name="com.czt.bbt.widget.BusAlertWidgetConfigActivity"
68-->src\main\AndroidManifest.xml:36:19-70
69            android:exported="true" >
69-->src\main\AndroidManifest.xml:37:13-36
70            <intent-filter>
70-->src\main\AndroidManifest.xml:38:13-40:29
71                <action android:name="android.appwidget.action.APPWIDGET_CONFIGURE" />
71-->src\main\AndroidManifest.xml:39:17-87
71-->src\main\AndroidManifest.xml:39:25-84
72            </intent-filter>
73        </activity>
74
75        <!-- 루틴/숏컷 실행을 위한 투명 중계 액티비티 -->
76        <activity
76-->src\main\AndroidManifest.xml:44:9-46:39
77            android:name="com.czt.bbt.receiver.BusAlertRoutineExecutionActivity"
77-->src\main\AndroidManifest.xml:44:19-76
78            android:exported="true"
78-->src\main\AndroidManifest.xml:46:13-36
79            android:theme="@android:style/Theme.Translucent.NoTitleBar" />
79-->src\main\AndroidManifest.xml:45:13-72
80
81        <service
81-->src\main\AndroidManifest.xml:48:9-52:56
82            android:name="com.czt.bbt.service.BusAlertService"
82-->src\main\AndroidManifest.xml:49:13-52
83            android:enabled="true"
83-->src\main\AndroidManifest.xml:50:13-35
84            android:exported="false"
84-->src\main\AndroidManifest.xml:51:13-37
85            android:foregroundServiceType="location" />
85-->src\main\AndroidManifest.xml:52:13-53
86
87        <!-- 위젯 등록 -->
88        <receiver
88-->src\main\AndroidManifest.xml:55:9-65:20
89            android:name="com.czt.bbt.widget.BusAlertWidget"
89-->src\main\AndroidManifest.xml:56:13-50
90            android:exported="false" >
90-->src\main\AndroidManifest.xml:57:13-37
91            <intent-filter>
91-->src\main\AndroidManifest.xml:58:13-61:29
92                <action android:name="android.appwidget.action.APPWIDGET_UPDATE" />
92-->src\main\AndroidManifest.xml:59:17-84
92-->src\main\AndroidManifest.xml:59:25-81
93                <action android:name="com.czt.bbt.ACTION_WIDGET_REFRESH" />
93-->src\main\AndroidManifest.xml:60:17-76
93-->src\main\AndroidManifest.xml:60:25-73
94            </intent-filter>
95
96            <meta-data
96-->src\main\AndroidManifest.xml:62:13-64:55
97                android:name="android.appwidget.provider"
97-->src\main\AndroidManifest.xml:63:17-58
98                android:resource="@xml/widget_info" />
98-->src\main\AndroidManifest.xml:64:17-52
99        </receiver>
100
101        <!-- 삼성 루틴 연동을 위한 전용 리시버 (exported="true" 필수) -->
102        <receiver
102-->src\main\AndroidManifest.xml:68:9-76:20
103            android:name="com.czt.bbt.receiver.BusAlertReceiver"
103-->src\main\AndroidManifest.xml:69:13-54
104            android:exported="true" >
104-->src\main\AndroidManifest.xml:70:13-36
105            <intent-filter>
105-->src\main\AndroidManifest.xml:71:13-75:29
106                <action android:name="com.czt.bbt.START_RIDE" />
106-->src\main\AndroidManifest.xml:72:17-65
106-->src\main\AndroidManifest.xml:72:25-62
107                <action android:name="com.czt.bbt.START_ARRIVAL" />
107-->src\main\AndroidManifest.xml:73:17-68
107-->src\main\AndroidManifest.xml:73:25-65
108                <action android:name="com.czt.bbt.STOP_ALERT" />
108-->src\main\AndroidManifest.xml:74:17-65
108-->src\main\AndroidManifest.xml:74:25-62
109            </intent-filter>
110        </receiver>
111
112        <activity
112-->[androidx.core:core-google-shortcuts:1.0.1] AndroidManifest.xml:27:9-39:20
113            android:name="androidx.core.google.shortcuts.TrampolineActivity"
113-->[androidx.core:core-google-shortcuts:1.0.1] AndroidManifest.xml:28:13-77
114            android:exported="true"
114-->[androidx.core:core-google-shortcuts:1.0.1] AndroidManifest.xml:29:13-36
115            android:noHistory="true"
115-->[androidx.core:core-google-shortcuts:1.0.1] AndroidManifest.xml:30:13-37
116            android:theme="@android:style/Theme.NoDisplay" >
116-->[androidx.core:core-google-shortcuts:1.0.1] AndroidManifest.xml:31:13-59
117            <intent-filter>
117-->[androidx.core:core-google-shortcuts:1.0.1] AndroidManifest.xml:32:13-34:29
118                <action android:name="androidx.core.content.pm.SHORTCUT_LISTENER" />
118-->[androidx.core:core-google-shortcuts:1.0.1] AndroidManifest.xml:33:17-85
118-->[androidx.core:core-google-shortcuts:1.0.1] AndroidManifest.xml:33:25-82
119            </intent-filter>
120
121            <meta-data
121-->[androidx.core:core-google-shortcuts:1.0.1] AndroidManifest.xml:36:13-38:97
122                android:name="androidx.core.content.pm.shortcut_listener_impl"
122-->[androidx.core:core-google-shortcuts:1.0.1] AndroidManifest.xml:37:17-79
123                android:value="androidx.core.google.shortcuts.ShortcutInfoChangeListenerImpl" />
123-->[androidx.core:core-google-shortcuts:1.0.1] AndroidManifest.xml:38:17-94
124        </activity>
125        <activity
125-->[androidx.compose.ui:ui-tooling-android:1.5.0] AndroidManifest.xml:23:9-25:39
126            android:name="androidx.compose.ui.tooling.PreviewActivity"
126-->[androidx.compose.ui:ui-tooling-android:1.5.0] AndroidManifest.xml:24:13-71
127            android:exported="true" />
127-->[androidx.compose.ui:ui-tooling-android:1.5.0] AndroidManifest.xml:25:13-36
128        <activity
128-->[androidx.compose.ui:ui-test-manifest:1.5.0] AndroidManifest.xml:23:9-25:39
129            android:name="androidx.activity.ComponentActivity"
129-->[androidx.compose.ui:ui-test-manifest:1.5.0] AndroidManifest.xml:24:13-63
130            android:exported="true" />
130-->[androidx.compose.ui:ui-test-manifest:1.5.0] AndroidManifest.xml:25:13-36
131        <activity
131-->[com.google.android.gms:play-services-base:18.1.0] AndroidManifest.xml:20:9-22:45
132            android:name="com.google.android.gms.common.api.GoogleApiActivity"
132-->[com.google.android.gms:play-services-base:18.1.0] AndroidManifest.xml:20:19-85
133            android:exported="false"
133-->[com.google.android.gms:play-services-base:18.1.0] AndroidManifest.xml:22:19-43
134            android:theme="@android:style/Theme.Translucent.NoTitleBar" />
134-->[com.google.android.gms:play-services-base:18.1.0] AndroidManifest.xml:21:19-78
135
136        <service
136-->[androidx.room:room-runtime:2.6.1] AndroidManifest.xml:24:9-28:63
137            android:name="androidx.room.MultiInstanceInvalidationService"
137-->[androidx.room:room-runtime:2.6.1] AndroidManifest.xml:25:13-74
138            android:directBootAware="true"
138-->[androidx.room:room-runtime:2.6.1] AndroidManifest.xml:26:13-43
139            android:exported="false" />
139-->[androidx.room:room-runtime:2.6.1] AndroidManifest.xml:27:13-37
140
141        <activity
141-->[com.kakao.sdk:v2-auth:2.19.0] AndroidManifest.xml:10:9-15:56
142            android:name="com.kakao.sdk.auth.TalkAuthCodeActivity"
142-->[com.kakao.sdk:v2-auth:2.19.0] AndroidManifest.xml:11:13-67
143            android:configChanges="orientation|screenSize|keyboardHidden"
143-->[com.kakao.sdk:v2-auth:2.19.0] AndroidManifest.xml:12:13-74
144            android:exported="false"
144-->[com.kakao.sdk:v2-auth:2.19.0] AndroidManifest.xml:13:13-37
145            android:launchMode="singleTask"
145-->[com.kakao.sdk:v2-auth:2.19.0] AndroidManifest.xml:14:13-44
146            android:theme="@style/TransparentCompat" />
146-->[com.kakao.sdk:v2-auth:2.19.0] AndroidManifest.xml:15:13-53
147        <activity
147-->[com.kakao.sdk:v2-auth:2.19.0] AndroidManifest.xml:16:9-19:56
148            android:name="com.kakao.sdk.auth.AuthCodeHandlerActivity"
148-->[com.kakao.sdk:v2-auth:2.19.0] AndroidManifest.xml:17:13-70
149            android:launchMode="singleTask"
149-->[com.kakao.sdk:v2-auth:2.19.0] AndroidManifest.xml:18:13-44
150            android:theme="@style/TransparentCompat" />
150-->[com.kakao.sdk:v2-auth:2.19.0] AndroidManifest.xml:19:13-53
151
152        <provider
152-->[androidx.emoji2:emoji2:1.4.0] AndroidManifest.xml:24:9-32:20
153            android:name="androidx.startup.InitializationProvider"
153-->[androidx.emoji2:emoji2:1.4.0] AndroidManifest.xml:25:13-67
154            android:authorities="com.czt.bbt.androidx-startup"
154-->[androidx.emoji2:emoji2:1.4.0] AndroidManifest.xml:26:13-68
155            android:exported="false" >
155-->[androidx.emoji2:emoji2:1.4.0] AndroidManifest.xml:27:13-37
156            <meta-data
156-->[androidx.emoji2:emoji2:1.4.0] AndroidManifest.xml:29:13-31:52
157                android:name="androidx.emoji2.text.EmojiCompatInitializer"
157-->[androidx.emoji2:emoji2:1.4.0] AndroidManifest.xml:30:17-75
158                android:value="androidx.startup" />
158-->[androidx.emoji2:emoji2:1.4.0] AndroidManifest.xml:31:17-49
159            <meta-data
159-->[androidx.lifecycle:lifecycle-process:2.7.0] AndroidManifest.xml:29:13-31:52
160                android:name="androidx.lifecycle.ProcessLifecycleInitializer"
160-->[androidx.lifecycle:lifecycle-process:2.7.0] AndroidManifest.xml:30:17-78
161                android:value="androidx.startup" />
161-->[androidx.lifecycle:lifecycle-process:2.7.0] AndroidManifest.xml:31:17-49
162            <meta-data
162-->[androidx.profileinstaller:profileinstaller:1.3.0] AndroidManifest.xml:29:13-31:52
163                android:name="androidx.profileinstaller.ProfileInstallerInitializer"
163-->[androidx.profileinstaller:profileinstaller:1.3.0] AndroidManifest.xml:30:17-85
164                android:value="androidx.startup" />
164-->[androidx.profileinstaller:profileinstaller:1.3.0] AndroidManifest.xml:31:17-49
165        </provider>
166
167        <meta-data
167-->[com.google.android.gms:play-services-basement:18.1.0] AndroidManifest.xml:21:9-23:69
168            android:name="com.google.android.gms.version"
168-->[com.google.android.gms:play-services-basement:18.1.0] AndroidManifest.xml:22:13-58
169            android:value="@integer/google_play_services_version" />
169-->[com.google.android.gms:play-services-basement:18.1.0] AndroidManifest.xml:23:13-66
170
171        <receiver
171-->[androidx.profileinstaller:profileinstaller:1.3.0] AndroidManifest.xml:34:9-52:20
172            android:name="androidx.profileinstaller.ProfileInstallReceiver"
172-->[androidx.profileinstaller:profileinstaller:1.3.0] AndroidManifest.xml:35:13-76
173            android:directBootAware="false"
173-->[androidx.profileinstaller:profileinstaller:1.3.0] AndroidManifest.xml:36:13-44
174            android:enabled="true"
174-->[androidx.profileinstaller:profileinstaller:1.3.0] AndroidManifest.xml:37:13-35
175            android:exported="true"
175-->[androidx.profileinstaller:profileinstaller:1.3.0] AndroidManifest.xml:38:13-36
176            android:permission="android.permission.DUMP" >
176-->[androidx.profileinstaller:profileinstaller:1.3.0] AndroidManifest.xml:39:13-57
177            <intent-filter>
177-->[androidx.profileinstaller:profileinstaller:1.3.0] AndroidManifest.xml:40:13-42:29
178                <action android:name="androidx.profileinstaller.action.INSTALL_PROFILE" />
178-->[androidx.profileinstaller:profileinstaller:1.3.0] AndroidManifest.xml:41:17-91
178-->[androidx.profileinstaller:profileinstaller:1.3.0] AndroidManifest.xml:41:25-88
179            </intent-filter>
180            <intent-filter>
180-->[androidx.profileinstaller:profileinstaller:1.3.0] AndroidManifest.xml:43:13-45:29
181                <action android:name="androidx.profileinstaller.action.SKIP_FILE" />
181-->[androidx.profileinstaller:profileinstaller:1.3.0] AndroidManifest.xml:44:17-85
181-->[androidx.profileinstaller:profileinstaller:1.3.0] AndroidManifest.xml:44:25-82
182            </intent-filter>
183            <intent-filter>
183-->[androidx.profileinstaller:profileinstaller:1.3.0] AndroidManifest.xml:46:13-48:29
184                <action android:name="androidx.profileinstaller.action.SAVE_PROFILE" />
184-->[androidx.profileinstaller:profileinstaller:1.3.0] AndroidManifest.xml:47:17-88
184-->[androidx.profileinstaller:profileinstaller:1.3.0] AndroidManifest.xml:47:25-85
185            </intent-filter>
186            <intent-filter>
186-->[androidx.profileinstaller:profileinstaller:1.3.0] AndroidManifest.xml:49:13-51:29
187                <action android:name="androidx.profileinstaller.action.BENCHMARK_OPERATION" />
187-->[androidx.profileinstaller:profileinstaller:1.3.0] AndroidManifest.xml:50:17-95
187-->[androidx.profileinstaller:profileinstaller:1.3.0] AndroidManifest.xml:50:25-92
188            </intent-filter>
189        </receiver>
190    </application>
191
192</manifest>